[0817/155457.968:INFO:CONSOLE(6102)] "LegacyDataMixin will be applied to all legacy elements.
Set `_legacyUndefinedCheck: true` on element class to enable.", source: https://www.youtube.com/s/desktop/45987dd5/jsbin/desktop_polymer.vflset/desktop_polymer.js (6102)
[0817/155504.799:INFO:CONSOLE(1)] "Uncaught TypeError: Cannot read properties of null (reading 'indexOf')", source: about:blank (1)
[0817/155504.800:INFO:CONSOLE(1)] "Uncaught TypeError: Cannot read properties of null (reading 'indexOf')", source: about:blank (1)
[0817/155504.800:INFO:CONSOLE(1)] "Uncaught TypeError: Cannot read properties of null (reading 'indexOf')", source: about:blank (1)
[0817/155504.800:INFO:CONSOLE(1)] "Uncaught TypeError: Cannot read properties of null (reading 'indexOf')", source: about:blank (1)
[0817/155504.800:INFO:CONSOLE(1)] "Uncaught TypeError: Cannot read properties of null (reading 'indexOf')", source: about:blank (1)
[0817/155504.801:INFO:CONSOLE(1)] "Uncaught TypeError: Cannot read properties of null (reading 'indexOf')", source: about:blank (1)
[0817/155504.801:INFO:CONSOLE(1)] "Uncaught TypeError: Cannot read properties of null (reading 'indexOf')", source: about:blank (1)
[0817/155505.385:INFO:CONSOLE(25)] "This page is now jQuerified with v3.3.1", source: about:blank (25)
[0817/155507.653:INFO:CONSOLE(1)] "Uncaught TypeError: Cannot read properties of null (reading 'indexOf')", source: about:blank (1)
[0817/155508.562:INFO:CONSOLE(0)] "The resource https://i.ytimg.com/generate_204 was preloaded using link preload but not used within a few seconds from the window's load event. Please make sure it has an appropriate `as` value and it is preloaded intentionally.", source: https://www.youtube.com/feed/subscriptions (0)
[0817/155510.637:INFO:CONSOLE(1)] "Uncaught TypeError: Cannot read properties of null (reading 'indexOf')", source: about:blank (1)
[0817/155513.679:INFO:CONSOLE(1)] "Uncaught TypeError: Cannot read properties of null (reading 'indexOf')", source: about:blank (1)
[0817/155516.644:INFO:CONSOLE(1)] "Uncaught TypeError: Cannot read properties of null (reading 'indexOf')", source: about:blank (1)
[0817/155519.648:INFO:CONSOLE(1)] "Uncaught TypeError: Cannot read properties of null (reading 'indexOf')", source: about:blank (1)
[0817/155522.646:INFO:CONSOLE(1)] "Uncaught TypeError: Cannot read properties of null (reading 'indexOf')", source: about:blank (1)
[0817/155525.682:INFO:CONSOLE(1)] "Uncaught TypeError: Cannot read properties of null (reading 'indexOf')", source: about:blank (1)
[0817/155527.240:INFO:CONSOLE(0)] "The resource https://i.ytimg.com/generate_204 was preloaded using link preload but not used within a few seconds from the window's load event. Please make sure it has an appropriate `as` value and it is preloaded intentionally.", source: https://www.youtube.com/feed/subscriptions (0)
[0817/155528.651:INFO:CONSOLE(1)] "Uncaught TypeError: Cannot read properties of null (reading 'indexOf')", source: about:blank (1)
[0817/155531.646:INFO:CONSOLE(1)] "Uncaught TypeError: Cannot read properties of null (reading 'indexOf')", source: about:blank (1)
[0817/155534.649:INFO:CONSOLE(1)] "Uncaught TypeError: Cannot read properties of null (reading 'indexOf')", source: about:blank (1)
[0817/155537.651:INFO:CONSOLE(1)] "Uncaught TypeError: Cannot read properties of null (reading 'indexOf')", source: about:blank (1)
[0817/155540.651:INFO:CONSOLE(1)] "Uncaught TypeError: Cannot read properties of null (reading 'indexOf')", source: about:blank (1)
[0817/155543.649:INFO:CONSOLE(1)] "Uncaught TypeError: Cannot read properties of null (reading 'indexOf')", source: about:blank (1)
[0817/155546.644:INFO:CONSOLE(1)] "Uncaught TypeError: Cannot read properties of null (reading 'indexOf')", source: about:blank (1)
[0817/155547.100:INFO:CONSOLE(0)] "The resource https://i.ytimg.com/generate_204 was preloaded using link preload but not used within a few seconds from the window's load event. Please make sure it has an appropriate `as` value and it is preloaded intentionally.", source: https://www.youtube.com/feed/subscriptions (0)
[0817/155549.644:INFO:CONSOLE(1)] "Uncaught TypeError: Cannot read properties of null (reading 'indexOf')", source: about:blank (1)
[0817/155552.633:INFO:CONSOLE(1)] "Uncaught TypeError: Cannot read properties of null (reading 'indexOf')", source: about:blank (1)
[0817/155555.642:INFO:CONSOLE(1)] "Uncaught TypeError: Cannot read properties of null (reading 'indexOf')", source: about:blank (1)
[0817/155558.639:INFO:CONSOLE(1)] "Uncaught TypeError: Cannot read properties of null (reading 'indexOf')", source: about:blank (1)
[0817/155601.642:INFO:CONSOLE(1)] "Uncaught TypeError: Cannot read properties of null (reading 'indexOf')", source: about:blank (1)
[0817/155604.643:INFO:CONSOLE(1)] "Uncaught TypeError: Cannot read properties of null (reading 'indexOf')", source: about:blank (1)
[0817/155606.258:INFO:CONSOLE(0)] "The resource https://i.ytimg.com/generate_204 was preloaded using link preload but not used within a few seconds from the window's load event. Please make sure it has an appropriate `as` value and it is preloaded intentionally.", source: https://www.youtube.com/feed/subscriptions (0)
[0817/155607.641:INFO:CONSOLE(1)] "Uncaught TypeError: Cannot read properties of null (reading 'indexOf')", source: about:blank (1)
[0817/155610.643:INFO:CONSOLE(1)] "Uncaught TypeError: Cannot read properties of null (reading 'indexOf')", source: about:blank (1)
[0817/155613.641:INFO:CONSOLE(1)] "Uncaught TypeError: Cannot read properties of null (reading 'indexOf')", source: about:blank (1)
[0817/155616.641:INFO:CONSOLE(1)] "Uncaught TypeError: Cannot read properties of null (reading 'indexOf')", source: about:blank (1)
[0817/155619.632:INFO:CONSOLE(1)] "Uncaught TypeError: Cannot read properties of null (reading 'indexOf')", source: about:blank (1)
[0817/155622.492:WARNING:frame_impl.cc(461)] SendProcessMessage sent to detached frame 21474836481 [5,1] will be ignored
[0817/155719.413:INFO:CONSOLE(6102)] "LegacyDataMixin will be applied to all legacy elements.
Set `_legacyUndefinedCheck: true` on element class to enable.", source: https://www.youtube.com/s/desktop/45987dd5/jsbin/desktop_polymer.vflset/desktop_polymer.js (6102)
[0817/155722.635:INFO:CONSOLE(1)] "Uncaught TypeError: Cannot read properties of null (reading 'indexOf')", source: about:blank (1)
[0817/155722.644:INFO:CONSOLE(1)] "Uncaught TypeError: Cannot read properties of null (reading 'indexOf')", source: about:blank (1)
[0817/155722.799:INFO:CONSOLE(25)] "This page is now jQuerified with v3.3.1", source: about:blank (25)
[0817/155723.097:INFO:CONSOLE(1)] "Uncaught TypeError: Cannot read properties of null (reading 'indexOf')", source: about:blank (1)
[0817/155726.080:INFO:CONSOLE(1)] "Uncaught TypeError: Cannot read properties of null (reading 'indexOf')", source: about:blank (1)
[0817/155726.163:INFO:CONSOLE(0)] "The resource https://i.ytimg.com/generate_204 was preloaded using link preload but not used within a few seconds from the window's load event. Please make sure it has an appropriate `as` value and it is preloaded intentionally.", source: https://www.youtube.com/feed/subscriptions (0)
[0817/155729.074:INFO:CONSOLE(1)] "Uncaught TypeError: Cannot read properties of null (reading 'indexOf')", source: about:blank (1)
[0817/155732.104:INFO:CONSOLE(1)] "Uncaught TypeError: Cannot read properties of null (reading 'indexOf')", source: about:blank (1)
[0817/155735.082:INFO:CONSOLE(1)] "Uncaught TypeError: Cannot read properties of null (reading 'indexOf')", source: about:blank (1)
[0817/155737.223:WARNING:sqlite_persistent_store_backend_base.cc(163)] Failed to post task from FlushAndNotifyInBackground@net\extras\sqlite\sqlite_persistent_store_backend_base.cc:211 to client_task_runner_.
[0817/155737.223:WARNING:sqlite_persistent_store_backend_base.cc(163)] Failed to post task from FlushAndNotifyInBackground@net\extras\sqlite\sqlite_persistent_store_backend_base.cc:211 to client_task_runner_.
[0817/160403.869:INFO:CONSOLE(6102)] "LegacyDataMixin will be applied to all legacy elements.
Set `_legacyUndefinedCheck: true` on element class to enable.", source: https://www.youtube.com/s/desktop/45987dd5/jsbin/desktop_polymer.vflset/desktop_polymer.js (6102)
[0817/160407.213:INFO:CONSOLE(1)] "Uncaught TypeError: Cannot read properties of null (reading 'indexOf')", source: about:blank (1)
[0817/160407.221:INFO:CONSOLE(1)] "Uncaught TypeError: Cannot read properties of null (reading 'indexOf')", source: about:blank (1)
[0817/160407.446:INFO:CONSOLE(25)] "This page is now jQuerified with v3.3.1", source: about:blank (25)
[0817/160407.552:INFO:CONSOLE(1)] "Uncaught TypeError: Cannot read properties of null (reading 'indexOf')", source: about:blank (1)
[0817/160410.557:INFO:CONSOLE(1)] "Uncaught TypeError: Cannot read properties of null (reading 'indexOf')", source: about:blank (1)
[0817/160411.205:INFO:CONSOLE(0)] "The resource https://i.ytimg.com/generate_204 was preloaded using link preload but not used within a few seconds from the window's load event. Please make sure it has an appropriate `as` value and it is preloaded intentionally.", source: https://www.youtube.com/feed/subscriptions (0)
[0817/160413.557:INFO:CONSOLE(1)] "Uncaught TypeError: Cannot read properties of null (reading 'indexOf')", source: about:blank (1)
[0817/160416.558:INFO:CONSOLE(1)] "Uncaught TypeError: Cannot read properties of null (reading 'indexOf')", source: about:blank (1)
[0817/160419.563:INFO:CONSOLE(1)] "Uncaught TypeError: Cannot read properties of null (reading 'indexOf')", source: about:blank (1)
[0817/160421.741:INFO:CONSOLE(0)] "The resource https://i.ytimg.com/generate_204 was preloaded using link preload but not used within a few seconds from the window's load event. Please make sure it has an appropriate `as` value and it is preloaded intentionally.", source: https://www.youtube.com/feed/subscriptions (0)
[0817/160422.562:INFO:CONSOLE(1)] "Uncaught TypeError: Cannot read properties of null (reading 'indexOf')", source: about:blank (1)
[0817/160425.564:INFO:CONSOLE(1)] "Uncaught TypeError: Cannot read properties of null (reading 'indexOf')", source: about:blank (1)
[0817/160428.559:INFO:CONSOLE(1)] "Uncaught TypeError: Cannot read properties of null (reading 'indexOf')", source: about:blank (1)
[0817/160431.567:INFO:CONSOLE(1)] "Uncaught TypeError: Cannot read properties of null (reading 'indexOf')", source: about:blank (1)
[0817/160434.558:INFO:CONSOLE(1)] "Uncaught TypeError: Cannot read properties of null (reading 'indexOf')", source: about:blank (1)
[0817/160437.566:INFO:CONSOLE(1)] "Uncaught TypeError: Cannot read properties of null (reading 'indexOf')", source: about:blank (1)
[0817/160440.562:INFO:CONSOLE(1)] "Uncaught TypeError: Cannot read properties of null (reading 'indexOf')", source: about:blank (1)
[0817/160530.664:INFO:CONSOLE(6102)] "LegacyDataMixin will be applied to all legacy elements.
Set `_legacyUndefinedCheck: true` on element class to enable.", source: https://www.youtube.com/s/desktop/45987dd5/jsbin/desktop_polymer.vflset/desktop_polymer.js (6102)
[0817/160537.241:INFO:CONSOLE(1)] "Uncaught TypeError: Cannot read properties of null (reading 'indexOf')", source: about:blank (1)
[0817/160537.258:INFO:CONSOLE(1)] "Uncaught TypeError: Cannot read properties of null (reading 'indexOf')", source: about:blank (1)
[0817/160537.262:INFO:CONSOLE(1)] "Uncaught TypeError: Cannot read properties of null (reading 'indexOf')", source: about:blank (1)
[0817/160537.523:INFO:CONSOLE(25)] "This page is now jQuerified with v3.3.1", source: about:blank (25)
[0817/160537.596:INFO:CONSOLE(1)] "Uncaught TypeError: Cannot read properties of null (reading 'indexOf')", source: about:blank (1)
[0817/160538.442:WARNING:frame_impl.cc(461)] OnDidFinishLoad sent to detached frame 21474836487 [5,7] will be ignored
[0817/160538.443:WARNING:frame_impl.cc(461)] SendProcessMessage sent to detached frame 21474836487 [5,7] will be ignored
[0817/160538.443:WARNING:frame_impl.cc(461)] SendProcessMessage sent to detached frame 21474836487 [5,7] will be ignored
[0817/160540.582:INFO:CONSOLE(1)] "Uncaught TypeError: Cannot read properties of null (reading 'indexOf')", source: about:blank (1)
[0817/160541.484:INFO:CONSOLE(0)] "The resource https://i.ytimg.com/generate_204 was preloaded using link preload but not used within a few seconds from the window's load event. Please make sure it has an appropriate `as` value and it is preloaded intentionally.", source: https://www.youtube.com/feed/subscriptions (0)
[0817/160543.585:INFO:CONSOLE(1)] "Uncaught TypeError: Cannot read properties of null (reading 'indexOf')", source: about:blank (1)
[0817/160546.576:INFO:CONSOLE(1)] "Uncaught TypeError: Cannot read properties of null (reading 'indexOf')", source: about:blank (1)
[0817/160549.575:INFO:CONSOLE(1)] "Uncaught TypeError: Cannot read properties of null (reading 'indexOf')", source: about:blank (1)
[0817/160550.421:INFO:CONSOLE(0)] "The resource https://i.ytimg.com/generate_204 was preloaded using link preload but not used within a few seconds from the window's load event. Please make sure it has an appropriate `as` value and it is preloaded intentionally.", source: https://www.youtube.com/feed/subscriptions (0)
[0817/160552.580:INFO:CONSOLE(1)] "Uncaught TypeError: Cannot read properties of null (reading 'indexOf')", source: about:blank (1)
[0817/160555.587:INFO:CONSOLE(1)] "Uncaught TypeError: Cannot read properties of null (reading 'indexOf')", source: about:blank (1)
[0817/160558.603:INFO:CONSOLE(1)] "Uncaught TypeError: Cannot read properties of null (reading 'indexOf')", source: about:blank (1)
[0817/160731.756:INFO:CONSOLE(6102)] "LegacyDataMixin will be applied to all legacy elements.
Set `_legacyUndefinedCheck: true` on element class to enable.", source: https://www.youtube.com/s/desktop/45987dd5/jsbin/desktop_polymer.vflset/desktop_polymer.js (6102)
[0817/160734.542:INFO:CONSOLE(1)] "Uncaught TypeError: Cannot read properties of null (reading 'indexOf')", source: about:blank (1)
[0817/160734.543:INFO:CONSOLE(1)] "Uncaught TypeError: Cannot read properties of null (reading 'indexOf')", source: about:blank (1)
[0817/160734.725:INFO:CONSOLE(25)] "This page is now jQuerified with v3.3.1", source: about:blank (25)
[0817/160736.162:INFO:CONSOLE(1)] "Uncaught TypeError: Cannot read properties of null (reading 'indexOf')", source: about:blank (1)
[0817/160737.879:INFO:CONSOLE(0)] "The resource https://i.ytimg.com/generate_204 was preloaded using link preload but not used within a few seconds from the window's load event. Please make sure it has an appropriate `as` value and it is preloaded intentionally.", source: https://www.youtube.com/feed/subscriptions (0)
[0817/160738.491:INFO:CONSOLE(1)] "Uncaught TypeError: Cannot read properties of null (reading 'indexOf')", source: about:blank (1)
[0817/160741.395:INFO:CONSOLE(1)] "Uncaught TypeError: Cannot read properties of null (reading 'indexOf')", source: about:blank (1)
[0817/160744.399:INFO:CONSOLE(1)] "Uncaught TypeError: Cannot read properties of null (reading 'indexOf')", source: about:blank (1)
[0817/160747.605:INFO:CONSOLE(1)] "Uncaught TypeError: Cannot read properties of null (reading 'indexOf')", source: about:blank (1)
[0817/160750.154:INFO:CONSOLE(0)] "The resource https://i.ytimg.com/generate_204 was preloaded using link preload but not used within a few seconds from the window's load event. Please make sure it has an appropriate `as` value and it is preloaded intentionally.", source: https://www.youtube.com/feed/subscriptions (0)
[0817/160750.395:INFO:CONSOLE(1)] "Uncaught TypeError: Cannot read properties of null (reading 'indexOf')", source: about:blank (1)
[0817/160753.414:INFO:CONSOLE(1)] "Uncaught TypeError: Cannot read properties of null (reading 'indexOf')", source: about:blank (1)
[0817/160756.397:INFO:CONSOLE(1)] "Uncaught TypeError: Cannot read properties of null (reading 'indexOf')", source: about:blank (1)
[0817/160759.414:INFO:CONSOLE(1)] "Uncaught TypeError: Cannot read properties of null (reading 'indexOf')", source: about:blank (1)
[0817/160801.763:INFO:CONSOLE(0)] "The resource https://i.ytimg.com/generate_204 was preloaded using link preload but not used within a few seconds from the window's load event. Please make sure it has an appropriate `as` value and it is preloaded intentionally.", source: https://www.youtube.com/feed/subscriptions (0)
[0817/160802.212:WARNING:frame_impl.cc(461)] SendProcessMessage sent to detached frame 21474836481 [5,1] will be ignored
[0817/162440.027:ERROR:SubProcessApp.h(42)] SubProcessApp::OnRegisterCustomSchemes failed for schemeName:file
[0817/162440.247:ERROR:SubProcessApp.h(42)] SubProcessApp::OnRegisterCustomSchemes failed for schemeName:file
[0817/162440.319:ERROR:SubProcessApp.h(42)] SubProcessApp::OnRegisterCustomSchemes failed for schemeName:file
[0817/162440.455:ERROR:SubProcessApp.h(42)] SubProcessApp::OnRegisterCustomSchemes failed for schemeName:file
[0817/162441.963:ERROR:SubProcessApp.h(42)] SubProcessApp::OnRegisterCustomSchemes failed for schemeName:file
[0817/165701.975:ERROR:browser_info_manager.cc(557)] Timeout of new browser info response for frame 25769803781 [6,5]
